<?xml version="1.0" encoding="UTF-8"?>
<!-- Generated by org.testng.reporters.JUnitReportReporter -->
<testsuite hostname="DESKTOP-73VT5SL" failures="0" tests="1" name="LoginTest.ToVerifyHomePageTest" time="5.716" errors="0" timestamp="2023-02-08T15:05:48 IST" skipped="0">
  <testcase classname="LoginTest.ToVerifyHomePageTest" name="toVerifyHomePageTest" time="5.716"/>
  <system-out/>
</testsuite> <!-- LoginTest.ToVerifyHomePageTest -->
