<?xml version="1.0" encoding="UTF-8"?>
<!-- Generated by org.testng.reporters.JUnitReportReporter -->
<testsuite hostname="DESKTOP-73VT5SL" failures="0" tests="6" name="tests.Tests" time="57.013" errors="0" timestamp="2023-02-08T18:17:56 IST" skipped="1">
  <testcase classname="tests.Tests" name="book_ap" time="16.482"/>
  <system-out/>
  <testcase classname="tests.Tests" name="back" time="5.324"/>
  <system-out/>
  <testcase classname="tests.Tests" name="logintest" time="11.979"/>
  <system-out/>
  <testcase classname="tests.Tests" name="logintest" time="11.364"/>
  <system-out/>
  <testcase classname="tests.Tests" name="logintest" time="11.864"/>
  <system-out/>
  <testcase classname="tests.Tests" name="createnewuser">
    <skipped/>
  </testcase> <!-- createnewuser -->
  <system-out/>
</testsuite> <!-- tests.Tests -->
